DEBUG:root:Generated One-Time Pad: 011001011101000110110111011100110000110111101111110110110001111011001011010000010110110011011101100100011000001111100010100100011110010000011101111100010011101001111010101001011100010111011000000101101011011110011110111000100000001100101000011001000110001010010011100001110000001111001111011101010101110001101011111000010001010100000100111101110111001101011011101111110100011110001000001010010100110000000110000010111100100110000010101101000111000001000100000010100111101000001011100001011111100001001110011000000101010011100100010001100111
DEBUG:root:Character: P, Binary: 01010000
DEBUG:root:Character: r, Binary: 01110010
DEBUG:root:Character: i, Binary: 01101001
DEBUG:root:Character: m, Binary: 01101101
DEBUG:root:Character: e, Binary: 01100101
DEBUG:root:Character:  , Binary: 0100000
DEBUG:root:Character: N, Binary: 01001110
DEBUG:root:Character: u, Binary: 01110101
DEBUG:root:Character: m, Binary: 01101101
DEBUG:root:Character: b, Binary: 01100010
DEBUG:root:Character: e, Binary: 01100101
DEBUG:root:Character: r, Binary: 01110010
DEBUG:root:Character: s, Binary: 01110011
DEBUG:root:Character:  , Binary: 0100000
DEBUG:root:Character: f, Binary: 01100110
DEBUG:root:Character: o, Binary: 01101111
DEBUG:root:Character: r, Binary: 01110010
DEBUG:root:Character: m, Binary: 01101101
DEBUG:root:Character:  , Binary: 0100000
DEBUG:root:Character: t, Binary: 01110100
DEBUG:root:Character: h, Binary: 01101000
DEBUG:root:Character: e, Binary: 01100101
DEBUG:root:Character:  , Binary: 0100000
DEBUG:root:Character: b, Binary: 01100010
DEBUG:root:Character: a, Binary: 01100001
DEBUG:root:Character: s, Binary: 01110011
DEBUG:root:Character: i, Binary: 01101001
DEBUG:root:Character: s, Binary: 01110011
DEBUG:root:Character:  , Binary: 0100000
DEBUG:root:Character: o, Binary: 01101111
DEBUG:root:Character: f, Binary: 01100110
DEBUG:root:Character:  , Binary: 0100000
DEBUG:root:Character: C, Binary: 01000011
DEBUG:root:Character: r, Binary: 01110010
DEBUG:root:Character: y, Binary: 01111001
DEBUG:root:Character: p, Binary: 01110000
DEBUG:root:Character: t, Binary: 01110100
DEBUG:root:Character: o, Binary: 01101111
DEBUG:root:Character: g, Binary: 01100111
DEBUG:root:Character: r, Binary: 01110010
DEBUG:root:Character: a, Binary: 01100001
DEBUG:root:Character: p, Binary: 01110000
DEBUG:root:Character: h, Binary: 01101000
DEBUG:root:Character: y, Binary: 01111001
DEBUG:root:Character: !, Binary: 0100001
DEBUG:root:Binary Message: 01010000011100100110100101101101011001010100000010011100111010101101101011000100110010101110010011100110100000011001100110111101110010011011010100000011101000110100001100101010000001100010011000010111001101101001011100110100000011011110110011001000000100001101110010011110010111000001110100011011110110011101110010011000010111000001101000011110010100001
DEBUG:root:Number: 1287
DEBUG:root:Number: 617
DEBUG:root:Number: 1750
DEBUG:root:Number: 1344
DEBUG:root:Number: 462
DEBUG:root:Number: 730
DEBUG:root:Number: 1100
DEBUG:root:Number: 740
DEBUG:root:Number: 1640
DEBUG:root:Number: 409
DEBUG:root:Number: 988
DEBUG:root:Number: 437
DEBUG:root:Number: 58
DEBUG:root:Number: 835
DEBUG:root:Number: 672
DEBUG:root:Number: 1574
DEBUG:root:Number: 371
DEBUG:root:Number: 1687
DEBUG:root:Number: 832
DEBUG:root:Number: 1516
DEBUG:root:Number: 1153
DEBUG:root:Number: 220
DEBUG:root:Number: 485
DEBUG:root:Number: 1053
DEBUG:root:Number: 445
DEBUG:root:Number: 476
DEBUG:root:Number: 389
DEBUG:root:Number: 1050
DEBUG:root:Number: 485
DEBUG:root:Number: 1
DEBUG:root:Generated One-Time Pad: 111101101001111100110010000001111000100110110101011100011100111110011100010101100111100110100000011111010001000011110111110000001011000110100110111011001010000010000101101111110100011001011001101010011001001010101000110110101000101101001110000010110010101011010010011100010100111110101100000100001011110011001101011101100010111011101011000001010011111111001110010101001000101110101110011110110110110001111010001101101101000101000100001101111100110100011110001001000000101110010000100101111111001000011111110011000001101001100011010000100101
DEBUG:root:Character: P, Binary: 01010000
DEBUG:root:Character: r, Binary: 01110010
DEBUG:root:Character: i, Binary: 01101001
DEBUG:root:Character: m, Binary: 01101101
DEBUG:root:Character: e, Binary: 01100101
DEBUG:root:Character:  , Binary: 0100000
DEBUG:root:Character: N, Binary: 01001110
DEBUG:root:Character: u, Binary: 01110101
DEBUG:root:Character: m, Binary: 01101101
DEBUG:root:Character: b, Binary: 01100010
DEBUG:root:Character: e, Binary: 01100101
DEBUG:root:Character: r, Binary: 01110010
DEBUG:root:Character: s, Binary: 01110011
DEBUG:root:Character:  , Binary: 0100000
DEBUG:root:Character: f, Binary: 01100110
DEBUG:root:Character: o, Binary: 01101111
DEBUG:root:Character: r, Binary: 01110010
DEBUG:root:Character: m, Binary: 01101101
DEBUG:root:Character:  , Binary: 0100000
DEBUG:root:Character: t, Binary: 01110100
DEBUG:root:Character: h, Binary: 01101000
DEBUG:root:Character: e, Binary: 01100101
DEBUG:root:Character:  , Binary: 0100000
DEBUG:root:Character: b, Binary: 01100010
DEBUG:root:Character: a, Binary: 01100001
DEBUG:root:Character: s, Binary: 01110011
DEBUG:root:Character: i, Binary: 01101001
DEBUG:root:Character: s, Binary: 01110011
DEBUG:root:Character:  , Binary: 0100000
DEBUG:root:Character: o, Binary: 01101111
DEBUG:root:Character: f, Binary: 01100110
DEBUG:root:Character:  , Binary: 0100000
DEBUG:root:Character: C, Binary: 01000011
DEBUG:root:Character: r, Binary: 01110010
DEBUG:root:Character: y, Binary: 01111001
DEBUG:root:Character: p, Binary: 01110000
DEBUG:root:Character: t, Binary: 01110100
DEBUG:root:Character: o, Binary: 01101111
DEBUG:root:Character: g, Binary: 01100111
DEBUG:root:Character: r, Binary: 01110010
DEBUG:root:Character: a, Binary: 01100001
DEBUG:root:Character: p, Binary: 01110000
DEBUG:root:Character: h, Binary: 01101000
DEBUG:root:Character: y, Binary: 01111001
DEBUG:root:Character: !, Binary: 0100001
DEBUG:root:Binary Message: 01010000011100100110100101101101011001010100000010011100111010101101101011000100110010101110010011100110100000011001100110111101110010011011010100000011101000110100001100101010000001100010011000010111001101101001011100110100000011011110110011001000000100001101110010011110010111000001110100011011110110011101110010011000010111000001101000011110010100001
DEBUG:root:Number: 1287
DEBUG:root:Number: 617
DEBUG:root:Number: 1750
DEBUG:root:Number: 1344
DEBUG:root:Number: 462
DEBUG:root:Number: 730
DEBUG:root:Number: 1100
DEBUG:root:Number: 740
DEBUG:root:Number: 1640
DEBUG:root:Number: 409
DEBUG:root:Number: 988
DEBUG:root:Number: 437
DEBUG:root:Number: 58
DEBUG:root:Number: 835
DEBUG:root:Number: 672
DEBUG:root:Number: 1574
DEBUG:root:Number: 371
DEBUG:root:Number: 1687
DEBUG:root:Number: 832
DEBUG:root:Number: 1516
DEBUG:root:Number: 1153
DEBUG:root:Number: 220
DEBUG:root:Number: 485
DEBUG:root:Number: 1053
DEBUG:root:Number: 445
DEBUG:root:Number: 476
DEBUG:root:Number: 389
DEBUG:root:Number: 1050
DEBUG:root:Number: 485
DEBUG:root:Number: 1
DEBUG:root:Generated One-Time Pad: 101110000110101011001100100010100000100010010011001010101001010000111111101100010001101011110110011001101001011001000100110101100001101100111110000010111111010101000001011101001000111010100110001000010000111010100010000011000100011110010100111001011010110110111101010111110101111111011101101111010010100111101000000101000001110000010000001100001000101101011110000001011010011011110001000100101010000110101000011001100010100001001010101010101101110000111110101000000000011101001011000001011001100101111100111011001110000101011011000011010101
DEBUG:root:Character: P, Binary: 01010000
DEBUG:root:Character: r, Binary: 01110010
DEBUG:root:Character: i, Binary: 01101001
DEBUG:root:Character: m, Binary: 01101101
DEBUG:root:Character: e, Binary: 01100101
DEBUG:root:Character:  , Binary: 0100000
DEBUG:root:Character: N, Binary: 01001110
DEBUG:root:Character: u, Binary: 01110101
DEBUG:root:Character: m, Binary: 01101101
DEBUG:root:Character: b, Binary: 01100010
DEBUG:root:Character: e, Binary: 01100101
DEBUG:root:Character: r, Binary: 01110010
DEBUG:root:Character: s, Binary: 01110011
DEBUG:root:Character:  , Binary: 0100000
DEBUG:root:Character: f, Binary: 01100110
DEBUG:root:Character: o, Binary: 01101111
DEBUG:root:Character: r, Binary: 01110010
DEBUG:root:Character: m, Binary: 01101101
DEBUG:root:Character:  , Binary: 0100000
DEBUG:root:Character: t, Binary: 01110100
DEBUG:root:Character: h, Binary: 01101000
DEBUG:root:Character: e, Binary: 01100101
DEBUG:root:Character:  , Binary: 0100000
DEBUG:root:Character: b, Binary: 01100010
DEBUG:root:Character: a, Binary: 01100001
DEBUG:root:Character: s, Binary: 01110011
DEBUG:root:Character: i, Binary: 01101001
DEBUG:root:Character: s, Binary: 01110011
DEBUG:root:Character:  , Binary: 0100000
DEBUG:root:Character: o, Binary: 01101111
DEBUG:root:Character: f, Binary: 01100110
DEBUG:root:Character:  , Binary: 0100000
DEBUG:root:Character: C, Binary: 01000011
DEBUG:root:Character: r, Binary: 01110010
DEBUG:root:Character: y, Binary: 01111001
DEBUG:root:Character: p, Binary: 01110000
DEBUG:root:Character: t, Binary: 01110100
DEBUG:root:Character: o, Binary: 01101111
DEBUG:root:Character: g, Binary: 01100111
DEBUG:root:Character: r, Binary: 01110010
DEBUG:root:Character: a, Binary: 01100001
DEBUG:root:Character: p, Binary: 01110000
DEBUG:root:Character: h, Binary: 01101000
DEBUG:root:Character: y, Binary: 01111001
DEBUG:root:Character: !, Binary: 0100001
DEBUG:root:Binary Message: 01010000011100100110100101101101011001010100000010011100111010101101101011000100110010101110010011100110100000011001100110111101110010011011010100000011101000110100001100101010000001100010011000010111001101101001011100110100000011011110110011001000000100001101110010011110010111000001110100011011110110011101110010011000010111000001101000011110010100001
DEBUG:root:Number: 1287
DEBUG:root:Number: 617
DEBUG:root:Number: 1750
DEBUG:root:Number: 1344
DEBUG:root:Number: 462
DEBUG:root:Number: 730
DEBUG:root:Number: 1100
DEBUG:root:Number: 740
DEBUG:root:Number: 1640
DEBUG:root:Number: 409
DEBUG:root:Number: 988
DEBUG:root:Number: 437
DEBUG:root:Number: 58
DEBUG:root:Number: 835
DEBUG:root:Number: 672
DEBUG:root:Number: 1574
DEBUG:root:Number: 371
DEBUG:root:Number: 1687
DEBUG:root:Number: 832
DEBUG:root:Number: 1516
DEBUG:root:Number: 1153
DEBUG:root:Number: 220
DEBUG:root:Number: 485
DEBUG:root:Number: 1053
DEBUG:root:Number: 445
DEBUG:root:Number: 476
DEBUG:root:Number: 389
DEBUG:root:Number: 1050
DEBUG:root:Number: 485
DEBUG:root:Number: 1
DEBUG:root:Generated One-Time Pad: 001110110101110001001101110111111010110001001111100000101001000110101000000100000000010001010010111011011111010101011000111111001011111010101110010100101100111110111101010111111001000000001101000010110011001101000110110111000011110100000000100111010010010100010101001000110101011001001111101001111110001101110111000110110100010000110001010011011010101101000011110101011100000100101011001001100000110100111000111000110000010100001111101100011110100010110011110011010101101110001010101101001100111010101110000101010110001111010010110110010100
DEBUG:root:Character: P, Binary: 01010000
DEBUG:root:Character: r, Binary: 01110010
DEBUG:root:Character: i, Binary: 01101001
DEBUG:root:Character: m, Binary: 01101101
DEBUG:root:Character: e, Binary: 01100101
DEBUG:root:Character:  , Binary: 0100000
DEBUG:root:Character: N, Binary: 01001110
DEBUG:root:Character: u, Binary: 01110101
DEBUG:root:Character: m, Binary: 01101101
DEBUG:root:Character: b, Binary: 01100010
DEBUG:root:Character: e, Binary: 01100101
DEBUG:root:Character: r, Binary: 01110010
DEBUG:root:Character: s, Binary: 01110011
DEBUG:root:Character:  , Binary: 0100000
DEBUG:root:Character: f, Binary: 01100110
DEBUG:root:Character: o, Binary: 01101111
DEBUG:root:Character: r, Binary: 01110010
DEBUG:root:Character: m, Binary: 01101101
DEBUG:root:Character:  , Binary: 0100000
DEBUG:root:Character: t, Binary: 01110100
DEBUG:root:Character: h, Binary: 01101000
DEBUG:root:Character: e, Binary: 01100101
DEBUG:root:Character:  , Binary: 0100000
DEBUG:root:Character: b, Binary: 01100010
DEBUG:root:Character: a, Binary: 01100001
DEBUG:root:Character: s, Binary: 01110011
DEBUG:root:Character: i, Binary: 01101001
DEBUG:root:Character: s, Binary: 01110011
DEBUG:root:Character:  , Binary: 0100000
DEBUG:root:Character: o, Binary: 01101111
DEBUG:root:Character: f, Binary: 01100110
DEBUG:root:Character:  , Binary: 0100000
DEBUG:root:Character: C, Binary: 01000011
DEBUG:root:Character: r, Binary: 01110010
DEBUG:root:Character: y, Binary: 01111001
DEBUG:root:Character: p, Binary: 01110000
DEBUG:root:Character: t, Binary: 01110100
DEBUG:root:Character: o, Binary: 01101111
DEBUG:root:Character: g, Binary: 01100111
DEBUG:root:Character: r, Binary: 01110010
DEBUG:root:Character: a, Binary: 01100001
DEBUG:root:Character: p, Binary: 01110000
DEBUG:root:Character: h, Binary: 01101000
DEBUG:root:Character: y, Binary: 01111001
DEBUG:root:Character: !, Binary: 0100001
DEBUG:root:Binary Message: 01010000011100100110100101101101011001010100000010011100111010101101101011000100110010101110010011100110100000011001100110111101110010011011010100000011101000110100001100101010000001100010011000010111001101101001011100110100000011011110110011001000000100001101110010011110010111000001110100011011110110011101110010011000010111000001101000011110010100001
DEBUG:root:Number: 1287
DEBUG:root:Number: 617
DEBUG:root:Number: 1750
DEBUG:root:Number: 1344
DEBUG:root:Number: 462
DEBUG:root:Number: 730
DEBUG:root:Number: 1100
DEBUG:root:Number: 740
DEBUG:root:Number: 1640
DEBUG:root:Number: 409
DEBUG:root:Number: 988
DEBUG:root:Number: 437
DEBUG:root:Number: 58
DEBUG:root:Number: 835
DEBUG:root:Number: 672
DEBUG:root:Number: 1574
DEBUG:root:Number: 371
DEBUG:root:Number: 1687
DEBUG:root:Number: 832
DEBUG:root:Number: 1516
DEBUG:root:Number: 1153
DEBUG:root:Number: 220
DEBUG:root:Number: 485
DEBUG:root:Number: 1053
DEBUG:root:Number: 445
DEBUG:root:Number: 476
DEBUG:root:Number: 389
DEBUG:root:Number: 1050
DEBUG:root:Number: 485
DEBUG:root:Number: 1
DEBUG:root:Generated One-Time Pad: 001111000111010000011110110110111011000111111010011001011110010101010101011001010100011010010110111000110101011001000101001000000111101101100110001011011010001010100010001001000100011100110110100000100011101100001001011001000011101010010110000000010101010000110101011111010011000010011110011011011100000110011101101101011101111101100100111100100001111011110010
DEBUG:root:Character: P, Binary: 01010000
DEBUG:root:Character: r, Binary: 01110010
DEBUG:root:Character: i, Binary: 01101001
DEBUG:root:Character: m, Binary: 01101101
DEBUG:root:Character: e, Binary: 01100101
DEBUG:root:Character:  , Binary: 0100000
DEBUG:root:Character: N, Binary: 01001110
DEBUG:root:Character: u, Binary: 01110101
DEBUG:root:Character: m, Binary: 01101101
DEBUG:root:Character: b, Binary: 01100010
DEBUG:root:Character: e, Binary: 01100101
DEBUG:root:Character: r, Binary: 01110010
DEBUG:root:Character: s, Binary: 01110011
DEBUG:root:Character:  , Binary: 0100000
DEBUG:root:Character: f, Binary: 01100110
DEBUG:root:Character: o, Binary: 01101111
DEBUG:root:Character: r, Binary: 01110010
DEBUG:root:Character: m, Binary: 01101101
DEBUG:root:Character:  , Binary: 0100000
DEBUG:root:Character: t, Binary: 01110100
DEBUG:root:Character: h, Binary: 01101000
DEBUG:root:Character: e, Binary: 01100101
DEBUG:root:Character:  , Binary: 0100000
DEBUG:root:Character: b, Binary: 01100010
DEBUG:root:Character: a, Binary: 01100001
DEBUG:root:Character: s, Binary: 01110011
DEBUG:root:Character: i, Binary: 01101001
DEBUG:root:Character: s, Binary: 01110011
DEBUG:root:Character:  , Binary: 0100000
DEBUG:root:Character: o, Binary: 01101111
DEBUG:root:Character: f, Binary: 01100110
DEBUG:root:Character:  , Binary: 0100000
DEBUG:root:Character: C, Binary: 01000011
DEBUG:root:Character: r, Binary: 01110010
DEBUG:root:Character: y, Binary: 01111001
DEBUG:root:Character: p, Binary: 01110000
DEBUG:root:Character: t, Binary: 01110100
DEBUG:root:Character: o, Binary: 01101111
DEBUG:root:Character: g, Binary: 01100111
DEBUG:root:Character: r, Binary: 01110010
DEBUG:root:Character: a, Binary: 01100001
DEBUG:root:Character: p, Binary: 01110000
DEBUG:root:Character: h, Binary: 01101000
DEBUG:root:Character: y, Binary: 01111001
DEBUG:root:Character: !, Binary: 0100001
DEBUG:root:Binary Message: 01010000011100100110100101101101011001010100000010011100111010101101101011000100110010101110010011100110100000011001100110111101110010011011010100000011101000110100001100101010000001100010011000010111001101101001011100110100000011011110110011001000000100001101110010011110010111000001110100011011110110011101110010011000010111000001101000011110010100001
DEBUG:root:Number: 80
DEBUG:root:Number: 114
DEBUG:root:Number: 105
DEBUG:root:Number: 109
DEBUG:root:Number: 101
DEBUG:root:Number: 64
DEBUG:root:Number: 28
DEBUG:root:Number: 106
DEBUG:root:Number: 90
DEBUG:root:Number: 68
DEBUG:root:Number: 74
DEBUG:root:Number: 100
DEBUG:root:Number: 102
DEBUG:root:Number: 1
DEBUG:root:Number: 25
DEBUG:root:Number: 61
DEBUG:root:Number: 73
DEBUG:root:Number: 53
DEBUG:root:Number: 3
DEBUG:root:Number: 35
DEBUG:root:Number: 67
DEBUG:root:Number: 42
DEBUG:root:Number: 6
DEBUG:root:Number: 38
DEBUG:root:Number: 23
DEBUG:root:Number: 54
DEBUG:root:Number: 23
DEBUG:root:Number: 52
DEBUG:root:Number: 13
DEBUG:root:Number: 108
DEBUG:root:Number: 72
DEBUG:root:Number: 16
DEBUG:root:Number: 92
DEBUG:root:Number: 30
DEBUG:root:Number: 92
DEBUG:root:Number: 29
DEBUG:root:Number: 27
DEBUG:root:Number: 89
DEBUG:root:Number: 92
DEBUG:root:Number: 24
DEBUG:root:Number: 92
DEBUG:root:Number: 26
DEBUG:root:Number: 30
DEBUG:root:Number: 80
